[2026-01-25 19:21:44] local.ERROR: Class "App\Rarete" not found (View: C:\MAMP\htdocs\framework-server\Retro-Monsters-2026\resources\views\layouts\partials\_aside.blade.php) (View: C:\MAMP\htdocs\framework-server\Retro-Monsters-2026\resources\views\layouts\partials\_aside.blade.php) (View: C:\MAMP\htdocs\framework-server\Retro-Monsters-2026\resources\views\layouts\partials\_aside.blade.php) (View: C:\MAMP\htdocs\framework-server\Retro-Monsters-2026\resources\views\layouts\partials\_aside.blade.php) {"exception":"[object] (Illuminate\\View\\ViewException(code: 0): Class \"App\\Rarete\" not found (View: C:\\MAMP\\htdocs\\framework-server\\Retro-Monsters-2026\\resources\\views\\layouts\\partials\\_aside.blade.php) (View: C:\\MAMP\\htdocs\\framework-server\\Retro-Monsters-2026\\resources\\views\\layouts\\partials\\_aside.blade.php) (View: C:\\MAMP\\htdocs\\framework-server\\Retro-Monsters-2026\\resources\\views\\layouts\\partials\\_aside.blade.php) (View: C:\\MAMP\\htdocs\\framework-server\\Retro-Monsters-2026\\resources\\views\\layouts\\partials\\_aside.blade.php) at C:\\MAMP\\htdocs\\framework-server\\Retro-Monsters-2026\\storage\\framework\\views\\4fc55f9d1905c0a1220fa5cea5304fe0.php:6)
[stacktrace]
#0 C:\\MAMP\\htdocs\\framework-server\\Retro-Monsters-2026\\vendor\\laravel\\framework\\src\\Illuminate\\View\\Engines\\PhpEngine.php(60): Illuminate\\View\\Engines\\CompilerEngine->handleViewException()
#1 C:\\MAMP\\htdocs\\framework-server\\Retro-Monsters-2026\\vendor\\laravel\\framework\\src\\Illuminate\\View\\Engines\\CompilerEngine.php(73): Illuminate\\View\\Engines\\PhpEngine->evaluatePath()
#2 C:\\MAMP\\htdocs\\framework-server\\Retro-Monsters-2026\\vendor\\laravel\\framework\\src\\Illuminate\\View\\View.php(208): Illuminate\\View\\Engines\\CompilerEngine->get()
#3 C:\\MAMP\\htdocs\\framework-server\\Retro-Monsters-2026\\vendor\\laravel\\framework\\src\\Illuminate\\View\\View.php(191): Illuminate\\View\\View->getContents()
#4 C:\\MAMP\\htdocs\\framework-server\\Retro-Monsters-2026\\vendor\\laravel\\framework\\src\\Illuminate\\View\\View.php(160): Illuminate\\View\\View->renderContents()
#5 C:\\MAMP\\htdocs\\framework-server\\Retro-Monsters-2026\\vendor\\laravel\\framework\\src\\Illuminate\\Http\\Response.php(70): Illuminate\\View\\View->render()
#6 C:\\MAMP\\htdocs\\framework-server\\Retro-Monsters-2026\\vendor\\laravel\\framework\\src\\Illuminate\\Http\\Response.php(35): Illuminate\\Http\\Response->setContent()
#7 C:\\MAMP\\htdocs\\framework-server\\Retro-Monsters-2026\\vendor\\laravel\\framework\\src\\Illuminate\\Routing\\Router.php(918): Illuminate\\Http\\Response->__construct()
#8 C:\\MAMP\\htdocs\\framework-server\\Retro-Monsters-2026\\vendor\\laravel\\framework\\src\\Illuminate\\Routing\\Router.php(885): Illuminate\\Routing\\Router::toResponse()
#9 C:\\MAMP\\htdocs\\framework-server\\Retro-Monsters-2026\\vendor\\laravel\\framework\\src\\Illuminate\\Routing\\Router.php(805): Illuminate\\Routing\\Router->prepareResponse()
#10 C:\\MAMP\\htdocs\\framework-server\\Retro-Monsters-2026\\vendor\\laravel\\framework\\src\\Illuminate\\Pipeline\\Pipeline.php(144): Illuminate\\Routing\\Router->Illuminate\\Routing\\{closure}()
#11 C:\\MAMP\\htdocs\\framework-server\\Retro-Monsters-2026\\vendor\\laravel\\framework\\src\\Illuminate\\Routing\\Middleware\\SubstituteBindings.php(50): Illuminate\\Pipeline\\Pipeline->Illuminate\\Pipeline\\{closure}()
#12 C:\\MAMP\\htdocs\\framework-server\\Retro-Monsters-2026\\vendor\\laravel\\framework\\src\\Illuminate\\Pipeline\\Pipeline.php(183): Illuminate\\Routing\\Middleware\\SubstituteBindings->handle()
#13 C:\\MAMP\\htdocs\\framework-server\\Retro-Monsters-2026\\vendor\\laravel\\framework\\src\\Illuminate\\Foundation\\Http\\Middleware\\VerifyCsrfToken.php(81): Illuminate\\Pipeline\\Pipeline->Illuminate\\Pipeline\\{closure}()
#14 C:\\MAMP\\htdocs\\framework-server\\Retro-Monsters-2026\\vendor\\laravel\\framework\\src\\Illuminate\\Pipeline\\Pipeline.php(183): Illuminate\\Foundation\\Http\\Middleware\\VerifyCsrfToken->handle()
#15 C:\\MAMP\\htdocs\\framework-server\\Retro-Monsters-2026\\vendor\\laravel\\framework\\src\\Illuminate\\View\\Middleware\\ShareErrorsFromSession.php(49): Illuminate\\Pipeline\\Pipeline->Illuminate\\Pipeline\\{closure}()
#16 C:\\MAMP\\htdocs\\framework-server\\Retro-Monsters-2026\\vendor\\laravel\\framework\\src\\Illuminate\\Pipeline\\Pipeline.php(183): Illuminate\\View\\Middleware\\ShareErrorsFromSession->handle()
#17 C:\\MAMP\\htdocs\\framework-server\\Retro-Monsters-2026\\vendor\\laravel\\framework\\src\\Illuminate\\Session\\Middleware\\StartSession.php(121): Illuminate\\Pipeline\\Pipeline->Illuminate\\Pipeline\\{closure}()
#18 C:\\MAMP\\htdocs\\framework-server\\Retro-Monsters-2026\\vendor\\laravel\\framework\\src\\Illuminate\\Session\\Middleware\\StartSession.php(64): Illuminate\\Session\\Middleware\\StartSession->handleStatefulRequest()
#19 C:\\MAMP\\htdocs\\framework-server\\Retro-Monsters-2026\\vendor\\laravel\\framework\\src\\Illuminate\\Pipeline\\Pipeline.php(183): Illuminate\\Session\\Middleware\\StartSession->handle()
#20 C:\\MAMP\\htdocs\\framework-server\\Retro-Monsters-2026\\vendor\\laravel\\framework\\src\\Illuminate\\Cookie\\Middleware\\AddQueuedCookiesToResponse.php(37): Illuminate\\Pipeline\\Pipeline->Illuminate\\Pipeline\\{closure}()
#21 C:\\MAMP\\htdocs\\framework-server\\Retro-Monsters-2026\\vendor\\laravel\\framework\\src\\Illuminate\\Pipeline\\Pipeline.php(183): Illuminate\\Cookie\\Middleware\\AddQueuedCookiesToResponse->handle()
#22 C:\\MAMP\\htdocs\\framework-server\\Retro-Monsters-2026\\vendor\\laravel\\framework\\src\\Illuminate\\Cookie\\Middleware\\EncryptCookies.php(75): Illuminate\\Pipeline\\Pipeline->Illuminate\\Pipeline\\{closure}()
#23 C:\\MAMP\\htdocs\\framework-server\\Retro-Monsters-2026\\vendor\\laravel\\framework\\src\\Illuminate\\Pipeline\\Pipeline.php(183): Illuminate\\Cookie\\Middleware\\EncryptCookies->handle()
#24 C:\\MAMP\\htdocs\\framework-server\\Retro-Monsters-2026\\vendor\\laravel\\framework\\src\\Illuminate\\Pipeline\\Pipeline.php(119): Illuminate\\Pipeline\\Pipeline->Illuminate\\Pipeline\\{closure}()
#25 C:\\MAMP\\htdocs\\framework-server\\Retro-Monsters-2026\\vendor\\laravel\\framework\\src\\Illuminate\\Routing\\Router.php(805): Illuminate\\Pipeline\\Pipeline->then()
#26 C:\\MAMP\\htdocs\\framework-server\\Retro-Monsters-2026\\vendor\\laravel\\framework\\src\\Illuminate\\Routing\\Router.php(784): Illuminate\\Routing\\Router->runRouteWithinStack()
#27 C:\\MAMP\\htdocs\\framework-server\\Retro-Monsters-2026\\vendor\\laravel\\framework\\src\\Illuminate\\Routing\\Router.php(748): Illuminate\\Routing\\Router->runRoute()
#28 C:\\MAMP\\htdocs\\framework-server\\Retro-Monsters-2026\\vendor\\laravel\\framework\\src\\Illuminate\\Routing\\Router.php(737): Illuminate\\Routing\\Router->dispatchToRoute()
#29 C:\\MAMP\\htdocs\\framework-server\\Retro-Monsters-2026\\vendor\\laravel\\framework\\src\\Illuminate\\Foundation\\Http\\Kernel.php(200): Illuminate\\Routing\\Router->dispatch()
#30 C:\\MAMP\\htdocs\\framework-server\\Retro-Monsters-2026\\vendor\\laravel\\framework\\src\\Illuminate\\Pipeline\\Pipeline.php(144): Illuminate\\Foundation\\Http\\Kernel->Illuminate\\Foundation\\Http\\{closure}()
#31 C:\\MAMP\\htdocs\\framework-server\\Retro-Monsters-2026\\vendor\\laravel\\framework\\src\\Illuminate\\Http\\Middleware\\TrustProxies.php(57): Illuminate\\Pipeline\\Pipeline->Illuminate\\Pipeline\\{closure}()
#32 C:\\MAMP\\htdocs\\framework-server\\Retro-Monsters-2026\\vendor\\laravel\\framework\\src\\Illuminate\\Pipeline\\Pipeline.php(183): Illuminate\\Http\\Middleware\\TrustProxies->handle()
#33 C:\\MAMP\\htdocs\\framework-server\\Retro-Monsters-2026\\vendor\\laravel\\framework\\src\\Illuminate\\Foundation\\Http\\Middleware\\TransformsRequest.php(21): Illuminate\\Pipeline\\Pipeline->Illuminate\\Pipeline\\{closure}()
#34 C:\\MAMP\\htdocs\\framework-server\\Retro-Monsters-2026\\vendor\\laravel\\framework\\src\\Illuminate\\Foundation\\Http\\Middleware\\ConvertEmptyStringsToNull.php(31): Illuminate\\Foundation\\Http\\Middleware\\TransformsRequest->handle()
#35 C:\\MAMP\\htdocs\\framework-server\\Retro-Monsters-2026\\vendor\\laravel\\framework\\src\\Illuminate\\Pipeline\\Pipeline.php(183): Illuminate\\Foundation\\Http\\Middleware\\ConvertEmptyStringsToNull->handle()
#36 C:\\MAMP\\htdocs\\framework-server\\Retro-Monsters-2026\\vendor\\laravel\\framework\\src\\Illuminate\\Foundation\\Http\\Middleware\\TransformsRequest.php(21): Illuminate\\Pipeline\\Pipeline->Illuminate\\Pipeline\\{closure}()
#37 C:\\MAMP\\htdocs\\framework-server\\Retro-Monsters-2026\\vendor\\laravel\\framework\\src\\Illuminate\\Foundation\\Http\\Middleware\\TrimStrings.php(50): Illuminate\\Foundation\\Http\\Middleware\\TransformsRequest->handle()
#38 C:\\MAMP\\htdocs\\framework-server\\Retro-Monsters-2026\\vendor\\laravel\\framework\\src\\Illuminate\\Pipeline\\Pipeline.php(183): Illuminate\\Foundation\\Http\\Middleware\\TrimStrings->handle()
#39 C:\\MAMP\\htdocs\\framework-server\\Retro-Monsters-2026\\vendor\\laravel\\framework\\src\\Illuminate\\Http\\Middleware\\ValidatePostSize.php(27): Illuminate\\Pipeline\\Pipeline->Illuminate\\Pipeline\\{closure}()
#40 C:\\MAMP\\htdocs\\framework-server\\Retro-Monsters-2026\\vendor\\laravel\\framework\\src\\Illuminate\\Pipeline\\Pipeline.php(183): Illuminate\\Http\\Middleware\\ValidatePostSize->handle()
#41 C:\\MAMP\\htdocs\\framework-server\\Retro-Monsters-2026\\vendor\\laravel\\framework\\src\\Illuminate\\Foundation\\Http\\Middleware\\PreventRequestsDuringMaintenance.php(103): Illuminate\\Pipeline\\Pipeline->Illuminate\\Pipeline\\{closure}()
#42 C:\\MAMP\\htdocs\\framework-server\\Retro-Monsters-2026\\vendor\\laravel\\framework\\src\\Illuminate\\Pipeline\\Pipeline.php(183): Illuminate\\Foundation\\Http\\Middleware\\PreventRequestsDuringMaintenance->handle()
#43 C:\\MAMP\\htdocs\\framework-server\\Retro-Monsters-2026\\vendor\\laravel\\framework\\src\\Illuminate\\Pipeline\\Pipeline.php(119): Illuminate\\Pipeline\\Pipeline->Illuminate\\Pipeline\\{closure}()
#44 C:\\MAMP\\htdocs\\framework-server\\Retro-Monsters-2026\\vendor\\laravel\\framework\\src\\Illuminate\\Foundation\\Http\\Kernel.php(175): Illuminate\\Pipeline\\Pipeline->then()
#45 C:\\MAMP\\htdocs\\framework-server\\Retro-Monsters-2026\\vendor\\laravel\\framework\\src\\Illuminate\\Foundation\\Http\\Kernel.php(144): Illuminate\\Foundation\\Http\\Kernel->sendRequestThroughRouter()
#46 C:\\MAMP\\htdocs\\framework-server\\Retro-Monsters-2026\\public\\index.php(54): Illuminate\\Foundation\\Http\\Kernel->handle()
#47 C:\\MAMP\\htdocs\\framework-server\\Retro-Monsters-2026\\server.php(21): require_once('...')
#48 {main}

[previous exception] [object] (Illuminate\\View\\ViewException(code: 0): Class \"App\\Rarete\" not found (View: C:\\MAMP\\htdocs\\framework-server\\Retro-Monsters-2026\\resources\\views\\layouts\\partials\\_aside.blade.php) (View: C:\\MAMP\\htdocs\\framework-server\\Retro-Monsters-2026\\resources\\views\\layouts\\partials\\_aside.blade.php) (View: C:\\MAMP\\htdocs\\framework-server\\Retro-Monsters-2026\\resources\\views\\layouts\\partials\\_aside.blade.php) at C:\\MAMP\\htdocs\\framework-server\\Retro-Monsters-2026\\storage\\framework\\views\\4fc55f9d1905c0a1220fa5cea5304fe0.php:6)
[stacktrace]
#0 C:\\MAMP\\htdocs\\framework-server\\Retro-Monsters-2026\\vendor\\laravel\\framework\\src\\Illuminate\\View\\Engines\\PhpEngine.php(60): Illuminate\\View\\Engines\\CompilerEngine->handleViewException()
#1 C:\\MAMP\\htdocs\\framework-server\\Retro-Monsters-2026\\vendor\\laravel\\framework\\src\\Illuminate\\View\\Engines\\CompilerEngine.php(73): Illuminate\\View\\Engines\\PhpEngine->evaluatePath()
#2 C:\\MAMP\\htdocs\\framework-server\\Retro-Monsters-2026\\vendor\\laravel\\framework\\src\\Illuminate\\View\\View.php(208): Illuminate\\View\\Engines\\CompilerEngine->get()
#3 C:\\MAMP\\htdocs\\framework-server\\Retro-Monsters-2026\\vendor\\laravel\\framework\\src\\Illuminate\\View\\View.php(191): Illuminate\\View\\View->getContents()
#4 C:\\MAMP\\htdocs\\framework-server\\Retro-Monsters-2026\\vendor\\laravel\\framework\\src\\Illuminate\\View\\View.php(160): Illuminate\\View\\View->renderContents()
#5 C:\\MAMP\\htdocs\\framework-server\\Retro-Monsters-2026\\storage\\framework\\views\\d3d4a6132adb98db212e05dc18ac3ec0.php(90): Illuminate\\View\\View->render()
#6 C:\\MAMP\\htdocs\\framework-server\\Retro-Monsters-2026\\vendor\\laravel\\framework\\src\\Illuminate\\Filesystem\\Filesystem.php(123): require('...')
#7 C:\\MAMP\\htdocs\\framework-server\\Retro-Monsters-2026\\vendor\\laravel\\framework\\src\\Illuminate\\Filesystem\\Filesystem.php(124): Illuminate\\Filesystem\\Filesystem::Illuminate\\Filesystem\\{closure}()
#8 C:\\MAMP\\htdocs\\framework-server\\Retro-Monsters-2026\\vendor\\laravel\\framework\\src\\Illuminate\\View\\Engines\\PhpEngine.php(58): Illuminate\\Filesystem\\Filesystem->getRequire()
#9 C:\\MAMP\\htdocs\\framework-server\\Retro-Monsters-2026\\vendor\\laravel\\framework\\src\\Illuminate\\View\\Engines\\CompilerEngine.php(73): Illuminate\\View\\Engines\\PhpEngine->evaluatePath()
#10 C:\\MAMP\\htdocs\\framework-server\\Retro-Monsters-2026\\vendor\\laravel\\framework\\src\\Illuminate\\View\\View.php(208): Illuminate\\View\\Engines\\CompilerEngine->get()
#11 C:\\MAMP\\htdocs\\framework-server\\Retro-Monsters-2026\\vendor\\laravel\\framework\\src\\Illuminate\\View\\View.php(191): Illuminate\\View\\View->getContents()
#12 C:\\MAMP\\htdocs\\framework-server\\Retro-Monsters-2026\\vendor\\laravel\\framework\\src\\Illuminate\\View\\View.php(160): Illuminate\\View\\View->renderContents()
#13 C:\\MAMP\\htdocs\\framework-server\\Retro-Monsters-2026\\vendor\\laravel\\framework\\src\\Illuminate\\Http\\Response.php(70): Illuminate\\View\\View->render()
#14 C:\\MAMP\\htdocs\\framework-server\\Retro-Monsters-2026\\vendor\\laravel\\framework\\src\\Illuminate\\Http\\Response.php(35): Illuminate\\Http\\Response->setContent()
#15 C:\\MAMP\\htdocs\\framework-server\\Retro-Monsters-2026\\vendor\\laravel\\framework\\src\\Illuminate\\Routing\\Router.php(918): Illuminate\\Http\\Response->__construct()
#16 C:\\MAMP\\htdocs\\framework-server\\Retro-Monsters-2026\\vendor\\laravel\\framework\\src\\Illuminate\\Routing\\Router.php(885): Illuminate\\Routing\\Router::toResponse()
#17 C:\\MAMP\\htdocs\\framework-server\\Retro-Monsters-2026\\vendor\\laravel\\framework\\src\\Illuminate\\Routing\\Router.php(805): Illuminate\\Routing\\Router->prepareResponse()
#18 C:\\MAMP\\htdocs\\framework-server\\Retro-Monsters-2026\\vendor\\laravel\\framework\\src\\Illuminate\\Pipeline\\Pipeline.php(144): Illuminate\\Routing\\Router->Illuminate\\Routing\\{closure}()
#19 C:\\MAMP\\htdocs\\framework-server\\Retro-Monsters-2026\\vendor\\laravel\\framework\\src\\Illuminate\\Routing\\Middleware\\SubstituteBindings.php(50): Illuminate\\Pipeline\\Pipeline->Illuminate\\Pipeline\\{closure}()
#20 C:\\MAMP\\htdocs\\framework-server\\Retro-Monsters-2026\\vendor\\laravel\\framework\\src\\Illuminate\\Pipeline\\Pipeline.php(183): Illuminate\\Routing\\Middleware\\SubstituteBindings->handle()
#21 C:\\MAMP\\htdocs\\framework-server\\Retro-Monsters-2026\\vendor\\laravel\\framework\\src\\Illuminate\\Foundation\\Http\\Middleware\\VerifyCsrfToken.php(81): Illuminate\\Pipeline\\Pipeline->Illuminate\\Pipeline\\{closure}()
#22 C:\\MAMP\\htdocs\\framework-server\\Retro-Monsters-2026\\vendor\\laravel\\framework\\src\\Illuminate\\Pipeline\\Pipeline.php(183): Illuminate\\Foundation\\Http\\Middleware\\VerifyCsrfToken->handle()
#23 C:\\MAMP\\htdocs\\framework-server\\Retro-Monsters-2026\\vendor\\laravel\\framework\\src\\Illuminate\\View\\Middleware\\ShareErrorsFromSession.php(49): Illuminate\\Pipeline\\Pipeline->Illuminate\\Pipeline\\{closure}()
#24 C:\\MAMP\\htdocs\\framework-server\\Retro-Monsters-2026\\vendor\\laravel\\framework\\src\\Illuminate\\Pipeline\\Pipeline.php(183): Illuminate\\View\\Middleware\\ShareErrorsFromSession->handle()
#25 C:\\MAMP\\htdocs\\framework-server\\Retro-Monsters-2026\\vendor\\laravel\\framework\\src\\Illuminate\\Session\\Middleware\\StartSession.php(121): Illuminate\\Pipeline\\Pipeline->Illuminate\\Pipeline\\{closure}()
#26 C:\\MAMP\\htdocs\\framework-server\\Retro-Monsters-2026\\vendor\\laravel\\framework\\src\\Illuminate\\Session\\Middleware\\StartSession.php(64): Illuminate\\Session\\Middleware\\StartSession->handleStatefulRequest()
#27 C:\\MAMP\\htdocs\\framework-server\\Retro-Monsters-2026\\vendor\\laravel\\framework\\src\\Illuminate\\Pipeline\\Pipeline.php(183): Illuminate\\Session\\Middleware\\StartSession->handle()
#28 C:\\MAMP\\htdocs\\framework-server\\Retro-Monsters-2026\\vendor\\laravel\\framework\\src\\Illuminate\\Cookie\\Middleware\\AddQueuedCookiesToResponse.php(37): Illuminate\\Pipeline\\Pipeline->Illuminate\\Pipeline\\{closure}()
#29 C:\\MAMP\\htdocs\\framework-server\\Retro-Monsters-2026\\vendor\\laravel\\framework\\src\\Illuminate\\Pipeline\\Pipeline.php(183): Illuminate\\Cookie\\Middleware\\AddQueuedCookiesToResponse->handle()
#30 C:\\MAMP\\htdocs\\framework-server\\Retro-Monsters-2026\\vendor\\laravel\\framework\\src\\Illuminate\\Cookie\\Middleware\\EncryptCookies.php(75): Illuminate\\Pipeline\\Pipeline->Illuminate\\Pipeline\\{closure}()
#31 C:\\MAMP\\htdocs\\framework-server\\Retro-Monsters-2026\\vendor\\laravel\\framework\\src\\Illuminate\\Pipeline\\Pipeline.php(183): Illuminate\\Cookie\\Middleware\\EncryptCookies->handle()
#32 C:\\MAMP\\htdocs\\framework-server\\Retro-Monsters-2026\\vendor\\laravel\\framework\\src\\Illuminate\\Pipeline\\Pipeline.php(119): Illuminate\\Pipeline\\Pipeline->Illuminate\\Pipeline\\{closure}()
#33 C:\\MAMP\\htdocs\\framework-server\\Retro-Monsters-2026\\vendor\\laravel\\framework\\src\\Illuminate\\Routing\\Router.php(805): Illuminate\\Pipeline\\Pipeline->then()
#34 C:\\MAMP\\htdocs\\framework-server\\Retro-Monsters-2026\\vendor\\laravel\\framework\\src\\Illuminate\\Routing\\Router.php(784): Illuminate\\Routing\\Router->runRouteWithinStack()
#35 C:\\MAMP\\htdocs\\framework-server\\Retro-Monsters-2026\\vendor\\laravel\\framework\\src\\Illuminate\\Routing\\Router.php(748): Illuminate\\Routing\\Router->runRoute()
#36 C:\\MAMP\\htdocs\\framework-server\\Retro-Monsters-2026\\vendor\\laravel\\framework\\src\\Illuminate\\Routing\\Router.php(737): Illuminate\\Routing\\Router->dispatchToRoute()
#37 C:\\MAMP\\htdocs\\framework-server\\Retro-Monsters-2026\\vendor\\laravel\\framework\\src\\Illuminate\\Foundation\\Http\\Kernel.php(200): Illuminate\\Routing\\Router->dispatch()
#38 C:\\MAMP\\htdocs\\framework-server\\Retro-Monsters-2026\\vendor\\laravel\\framework\\src\\Illuminate\\Pipeline\\Pipeline.php(144): Illuminate\\Foundation\\Http\\Kernel->Illuminate\\Foundation\\Http\\{closure}()
#39 C:\\MAMP\\htdocs\\framework-server\\Retro-Monsters-2026\\vendor\\laravel\\framework\\src\\Illuminate\\Http\\Middleware\\TrustProxies.php(57): Illuminate\\Pipeline\\Pipeline->Illuminate\\Pipeline\\{closure}()
#40 C:\\MAMP\\htdocs\\framework-server\\Retro-Monsters-2026\\vendor\\laravel\\framework\\src\\Illuminate\\Pipeline\\Pipeline.php(183): Illuminate\\Http\\Middleware\\TrustProxies->handle()
#41 C:\\MAMP\\htdocs\\framework-server\\Retro-Monsters-2026\\vendor\\laravel\\framework\\src\\Illuminate\\Foundation\\Http\\Middleware\\TransformsRequest.php(21): Illuminate\\Pipeline\\Pipeline->Illuminate\\Pipeline\\{closure}()
#42 C:\\MAMP\\htdocs\\framework-server\\Retro-Monsters-2026\\vendor\\laravel\\framework\\src\\Illuminate\\Foundation\\Http\\Middleware\\ConvertEmptyStringsToNull.php(31): Illuminate\\Foundation\\Http\\Middleware\\TransformsRequest->handle()
#43 C:\\MAMP\\htdocs\\framework-server\\Retro-Monsters-2026\\vendor\\laravel\\framework\\src\\Illuminate\\Pipeline\\Pipeline.php(183): Illuminate\\Foundation\\Http\\Middleware\\ConvertEmptyStringsToNull->handle()
#44 C:\\MAMP\\htdocs\\framework-server\\Retro-Monsters-2026\\vendor\\laravel\\framework\\src\\Illuminate\\Foundation\\Http\\Middleware\\TransformsRequest.php(21): Illuminate\\Pipeline\\Pipeline->Illuminate\\Pipeline\\{closure}()
#45 C:\\MAMP\\htdocs\\framework-server\\Retro-Monsters-2026\\vendor\\laravel\\framework\\src\\Illuminate\\Foundation\\Http\\Middleware\\TrimStrings.php(50): Illuminate\\Foundation\\Http\\Middleware\\TransformsRequest->handle()
#46 C:\\MAMP\\htdocs\\framework-server\\Retro-Monsters-2026\\vendor\\laravel\\framework\\src\\Illuminate\\Pipeline\\Pipeline.php(183): Illuminate\\Foundation\\Http\\Middleware\\TrimStrings->handle()
#47 C:\\MAMP\\htdocs\\framework-server\\Retro-Monsters-2026\\vendor\\laravel\\framework\\src\\Illuminate\\Http\\Middleware\\ValidatePostSize.php(27): Illuminate\\Pipeline\\Pipeline->Illuminate\\Pipeline\\{closure}()
#48 C:\\MAMP\\htdocs\\framework-server\\Retro-Monsters-2026\\vendor\\laravel\\framework\\src\\Illuminate\\Pipeline\\Pipeline.php(183): Illuminate\\Http\\Middleware\\ValidatePostSize->handle()
#49 C:\\MAMP\\htdocs\\framework-server\\Retro-Monsters-2026\\vendor\\laravel\\framework\\src\\Illuminate\\Foundation\\Http\\Middleware\\PreventRequestsDuringMaintenance.php(103): Illuminate\\Pipeline\\Pipeline->Illuminate\\Pipeline\\{closure}()
#50 C:\\MAMP\\htdocs\\framework-server\\Retro-Monsters-2026\\vendor\\laravel\\framework\\src\\Illuminate\\Pipeline\\Pipeline.php(183): Illuminate\\Foundation\\Http\\Middleware\\PreventRequestsDuringMaintenance->handle()
#51 C:\\MAMP\\htdocs\\framework-server\\Retro-Monsters-2026\\vendor\\laravel\\framework\\src\\Illuminate\\Pipeline\\Pipeline.php(119): Illuminate\\Pipeline\\Pipeline->Illuminate\\Pipeline\\{closure}()
#52 C:\\MAMP\\htdocs\\framework-server\\Retro-Monsters-2026\\vendor\\laravel\\framework\\src\\Illuminate\\Foundation\\Http\\Kernel.php(175): Illuminate\\Pipeline\\Pipeline->then()
#53 C:\\MAMP\\htdocs\\framework-server\\Retro-Monsters-2026\\vendor\\laravel\\framework\\src\\Illuminate\\Foundation\\Http\\Kernel.php(144): Illuminate\\Foundation\\Http\\Kernel->sendRequestThroughRouter()
#54 C:\\MAMP\\htdocs\\framework-server\\Retro-Monsters-2026\\public\\index.php(54): Illuminate\\Foundation\\Http\\Kernel->handle()
#55 C:\\MAMP\\htdocs\\framework-server\\Retro-Monsters-2026\\server.php(21): require_once('...')
#56 {main}

[previous exception] [object] (Illuminate\\View\\ViewException(code: 0): Class \"App\\Rarete\" not found (View: C:\\MAMP\\htdocs\\framework-server\\Retro-Monsters-2026\\resources\\views\\layouts\\partials\\_aside.blade.php) (View: C:\\MAMP\\htdocs\\framework-server\\Retro-Monsters-2026\\resources\\views\\layouts\\partials\\_aside.blade.php) at C:\\MAMP\\htdocs\\framework-server\\Retro-Monsters-2026\\storage\\framework\\views\\4fc55f9d1905c0a1220fa5cea5304fe0.php:6)
[stacktrace]
#0 C:\\MAMP\\htdocs\\framework-server\\Retro-Monsters-2026\\vendor\\laravel\\framework\\src\\Illuminate\\View\\Engines\\PhpEngine.php(60): Illuminate\\View\\Engines\\CompilerEngine->handleViewException()
#1 C:\\MAMP\\htdocs\\framework-server\\Retro-Monsters-2026\\vendor\\laravel\\framework\\src\\Illuminate\\View\\Engines\\CompilerEngine.php(73): Illuminate\\View\\Engines\\PhpEngine->evaluatePath()
#2 C:\\MAMP\\htdocs\\framework-server\\Retro-Monsters-2026\\vendor\\laravel\\framework\\src\\Illuminate\\View\\View.php(208): Illuminate\\View\\Engines\\CompilerEngine->get()
#3 C:\\MAMP\\htdocs\\framework-server\\Retro-Monsters-2026\\vendor\\laravel\\framework\\src\\Illuminate\\View\\View.php(191): Illuminate\\View\\View->getContents()
#4 C:\\MAMP\\htdocs\\framework-server\\Retro-Monsters-2026\\vendor\\laravel\\framework\\src\\Illuminate\\View\\View.php(160): Illuminate\\View\\View->renderContents()
#5 C:\\MAMP\\htdocs\\framework-server\\Retro-Monsters-2026\\storage\\framework\\views\\ef9875a9d70ab210352a02a18fde6092.php(11): Illuminate\\View\\View->render()
#6 C:\\MAMP\\htdocs\\framework-server\\Retro-Monsters-2026\\vendor\\laravel\\framework\\src\\Illuminate\\Filesystem\\Filesystem.php(123): require('...')
#7 C:\\MAMP\\htdocs\\framework-server\\Retro-Monsters-2026\\vendor\\laravel\\framework\\src\\Illuminate\\Filesystem\\Filesystem.php(124): Illuminate\\Filesystem\\Filesystem::Illuminate\\Filesystem\\{closure}()
#8 C:\\MAMP\\htdocs\\framework-server\\Retro-Monsters-2026\\vendor\\laravel\\framework\\src\\Illuminate\\View\\Engines\\PhpEngine.php(58): Illuminate\\Filesystem\\Filesystem->getRequire()
#9 C:\\MAMP\\htdocs\\framework-server\\Retro-Monsters-2026\\vendor\\laravel\\framework\\src\\Illuminate\\View\\Engines\\CompilerEngine.php(73): Illuminate\\View\\Engines\\PhpEngine->evaluatePath()
#10 C:\\MAMP\\htdocs\\framework-server\\Retro-Monsters-2026\\vendor\\laravel\\framework\\src\\Illuminate\\View\\View.php(208): Illuminate\\View\\Engines\\CompilerEngine->get()
#11 C:\\MAMP\\htdocs\\framework-server\\Retro-Monsters-2026\\vendor\\laravel\\framework\\src\\Illuminate\\View\\View.php(191): Illuminate\\View\\View->getContents()
#12 C:\\MAMP\\htdocs\\framework-server\\Retro-Monsters-2026\\vendor\\laravel\\framework\\src\\Illuminate\\View\\View.php(160): Illuminate\\View\\View->renderContents()
#13 C:\\MAMP\\htdocs\\framework-server\\Retro-Monsters-2026\\storage\\framework\\views\\d3d4a6132adb98db212e05dc18ac3ec0.php(90): Illuminate\\View\\View->render()
#14 C:\\MAMP\\htdocs\\framework-server\\Retro-Monsters-2026\\vendor\\laravel\\framework\\src\\Illuminate\\Filesystem\\Filesystem.php(123): require('...')
#15 C:\\MAMP\\htdocs\\framework-server\\Retro-Monsters-2026\\vendor\\laravel\\framework\\src\\Illuminate\\Filesystem\\Filesystem.php(124): Illuminate\\Filesystem\\Filesystem::Illuminate\\Filesystem\\{closure}()
#16 C:\\MAMP\\htdocs\\framework-server\\Retro-Monsters-2026\\vendor\\laravel\\framework\\src\\Illuminate\\View\\Engines\\PhpEngine.php(58): Illuminate\\Filesystem\\Filesystem->getRequire()
#17 C:\\MAMP\\htdocs\\framework-server\\Retro-Monsters-2026\\vendor\\laravel\\framework\\src\\Illuminate\\View\\Engines\\CompilerEngine.php(73): Illuminate\\View\\Engines\\PhpEngine->evaluatePath()
#18 C:\\MAMP\\htdocs\\framework-server\\Retro-Monsters-2026\\vendor\\laravel\\framework\\src\\Illuminate\\View\\View.php(208): Illuminate\\View\\Engines\\CompilerEngine->get()
#19 C:\\MAMP\\htdocs\\framework-server\\Retro-Monsters-2026\\vendor\\laravel\\framework\\src\\Illuminate\\View\\View.php(191): Illuminate\\View\\View->getContents()
#20 C:\\MAMP\\htdocs\\framework-server\\Retro-Monsters-2026\\vendor\\laravel\\framework\\src\\Illuminate\\View\\View.php(160): Illuminate\\View\\View->renderContents()
#21 C:\\MAMP\\htdocs\\framework-server\\Retro-Monsters-2026\\vendor\\laravel\\framework\\src\\Illuminate\\Http\\Response.php(70): Illuminate\\View\\View->render()
#22 C:\\MAMP\\htdocs\\framework-server\\Retro-Monsters-2026\\vendor\\laravel\\framework\\src\\Illuminate\\Http\\Response.php(35): Illuminate\\Http\\Response->setContent()
#23 C:\\MAMP\\htdocs\\framework-server\\Retro-Monsters-2026\\vendor\\laravel\\framework\\src\\Illuminate\\Routing\\Router.php(918): Illuminate\\Http\\Response->__construct()
#24 C:\\MAMP\\htdocs\\framework-server\\Retro-Monsters-2026\\vendor\\laravel\\framework\\src\\Illuminate\\Routing\\Router.php(885): Illuminate\\Routing\\Router::toResponse()
#25 C:\\MAMP\\htdocs\\framework-server\\Retro-Monsters-2026\\vendor\\laravel\\framework\\src\\Illuminate\\Routing\\Router.php(805): Illuminate\\Routing\\Router->prepareResponse()
#26 C:\\MAMP\\htdocs\\framework-server\\Retro-Monsters-2026\\vendor\\laravel\\framework\\src\\Illuminate\\Pipeline\\Pipeline.php(144): Illuminate\\Routing\\Router->Illuminate\\Routing\\{closure}()
#27 C:\\MAMP\\htdocs\\framework-server\\Retro-Monsters-2026\\vendor\\laravel\\framework\\src\\Illuminate\\Routing\\Middleware\\SubstituteBindings.php(50): Illuminate\\Pipeline\\Pipeline->Illuminate\\Pipeline\\{closure}()
#28 C:\\MAMP\\htdocs\\framework-server\\Retro-Monsters-2026\\vendor\\laravel\\framework\\src\\Illuminate\\Pipeline\\Pipeline.php(183): Illuminate\\Routing\\Middleware\\SubstituteBindings->handle()
#29 C:\\MAMP\\htdocs\\framework-server\\Retro-Monsters-2026\\vendor\\laravel\\framework\\src\\Illuminate\\Foundation\\Http\\Middleware\\VerifyCsrfToken.php(81): Illuminate\\Pipeline\\Pipeline->Illuminate\\Pipeline\\{closure}()
#30 C:\\MAMP\\htdocs\\framework-server\\Retro-Monsters-2026\\vendor\\laravel\\framework\\src\\Illuminate\\Pipeline\\Pipeline.php(183): Illuminate\\Foundation\\Http\\Middleware\\VerifyCsrfToken->handle()
#31 C:\\MAMP\\htdocs\\framework-server\\Retro-Monsters-2026\\vendor\\laravel\\framework\\src\\Illuminate\\View\\Middleware\\ShareErrorsFromSession.php(49): Illuminate\\Pipeline\\Pipeline->Illuminate\\Pipeline\\{closure}()
#32 C:\\MAMP\\htdocs\\framework-server\\Retro-Monsters-2026\\vendor\\laravel\\framework\\src\\Illuminate\\Pipeline\\Pipeline.php(183): Illuminate\\View\\Middleware\\ShareErrorsFromSession->handle()
#33 C:\\MAMP\\htdocs\\framework-server\\Retro-Monsters-2026\\vendor\\laravel\\framework\\src\\Illuminate\\Session\\Middleware\\StartSession.php(121): Illuminate\\Pipeline\\Pipeline->Illuminate\\Pipeline\\{closure}()
#34 C:\\MAMP\\htdocs\\framework-server\\Retro-Monsters-2026\\vendor\\laravel\\framework\\src\\Illuminate\\Session\\Middleware\\StartSession.php(64): Illuminate\\Session\\Middleware\\StartSession->handleStatefulRequest()
#35 C:\\MAMP\\htdocs\\framework-server\\Retro-Monsters-2026\\vendor\\laravel\\framework\\src\\Illuminate\\Pipeline\\Pipeline.php(183): Illuminate\\Session\\Middleware\\StartSession->handle()
#36 C:\\MAMP\\htdocs\\framework-server\\Retro-Monsters-2026\\vendor\\laravel\\framework\\src\\Illuminate\\Cookie\\Middleware\\AddQueuedCookiesToResponse.php(37): Illuminate\\Pipeline\\Pipeline->Illuminate\\Pipeline\\{closure}()
#37 C:\\MAMP\\htdocs\\framework-server\\Retro-Monsters-2026\\vendor\\laravel\\framework\\src\\Illuminate\\Pipeline\\Pipeline.php(183): Illuminate\\Cookie\\Middleware\\AddQueuedCookiesToResponse->handle()
#38 C:\\MAMP\\htdocs\\framework-server\\Retro-Monsters-2026\\vendor\\laravel\\framework\\src\\Illuminate\\Cookie\\Middleware\\EncryptCookies.php(75): Illuminate\\Pipeline\\Pipeline->Illuminate\\Pipeline\\{closure}()
#39 C:\\MAMP\\htdocs\\framework-server\\Retro-Monsters-2026\\vendor\\laravel\\framework\\src\\Illuminate\\Pipeline\\Pipeline.php(183): Illuminate\\Cookie\\Middleware\\EncryptCookies->handle()
#40 C:\\MAMP\\htdocs\\framework-server\\Retro-Monsters-2026\\vendor\\laravel\\framework\\src\\Illuminate\\Pipeline\\Pipeline.php(119): Illuminate\\Pipeline\\Pipeline->Illuminate\\Pipeline\\{closure}()
#41 C:\\MAMP\\htdocs\\framework-server\\Retro-Monsters-2026\\vendor\\laravel\\framework\\src\\Illuminate\\Routing\\Router.php(805): Illuminate\\Pipeline\\Pipeline->then()
#42 C:\\MAMP\\htdocs\\framework-server\\Retro-Monsters-2026\\vendor\\laravel\\framework\\src\\Illuminate\\Routing\\Router.php(784): Illuminate\\Routing\\Router->runRouteWithinStack()
#43 C:\\MAMP\\htdocs\\framework-server\\Retro-Monsters-2026\\vendor\\laravel\\framework\\src\\Illuminate\\Routing\\Router.php(748): Illuminate\\Routing\\Router->runRoute()
#44 C:\\MAMP\\htdocs\\framework-server\\Retro-Monsters-2026\\vendor\\laravel\\framework\\src\\Illuminate\\Routing\\Router.php(737): Illuminate\\Routing\\Router->dispatchToRoute()
#45 C:\\MAMP\\htdocs\\framework-server\\Retro-Monsters-2026\\vendor\\laravel\\framework\\src\\Illuminate\\Foundation\\Http\\Kernel.php(200): Illuminate\\Routing\\Router->dispatch()
#46 C:\\MAMP\\htdocs\\framework-server\\Retro-Monsters-2026\\vendor\\laravel\\framework\\src\\Illuminate\\Pipeline\\Pipeline.php(144): Illuminate\\Foundation\\Http\\Kernel->Illuminate\\Foundation\\Http\\{closure}()
#47 C:\\MAMP\\htdocs\\framework-server\\Retro-Monsters-2026\\vendor\\laravel\\framework\\src\\Illuminate\\Http\\Middleware\\TrustProxies.php(57): Illuminate\\Pipeline\\Pipeline->Illuminate\\Pipeline\\{closure}()
#48 C:\\MAMP\\htdocs\\framework-server\\Retro-Monsters-2026\\vendor\\laravel\\framework\\src\\Illuminate\\Pipeline\\Pipeline.php(183): Illuminate\\Http\\Middleware\\TrustProxies->handle()
#49 C:\\MAMP\\htdocs\\framework-server\\Retro-Monsters-2026\\vendor\\laravel\\framework\\src\\Illuminate\\Foundation\\Http\\Middleware\\TransformsRequest.php(21): Illuminate\\Pipeline\\Pipeline->Illuminate\\Pipeline\\{closure}()
#50 C:\\MAMP\\htdocs\\framework-server\\Retro-Monsters-2026\\vendor\\laravel\\framework\\src\\Illuminate\\Foundation\\Http\\Middleware\\ConvertEmptyStringsToNull.php(31): Illuminate\\Foundation\\Http\\Middleware\\TransformsRequest->handle()
#51 C:\\MAMP\\htdocs\\framework-server\\Retro-Monsters-2026\\vendor\\laravel\\framework\\src\\Illuminate\\Pipeline\\Pipeline.php(183): Illuminate\\Foundation\\Http\\Middleware\\ConvertEmptyStringsToNull->handle()
#52 C:\\MAMP\\htdocs\\framework-server\\Retro-Monsters-2026\\vendor\\laravel\\framework\\src\\Illuminate\\Foundation\\Http\\Middleware\\TransformsRequest.php(21): Illuminate\\Pipeline\\Pipeline->Illuminate\\Pipeline\\{closure}()
#53 C:\\MAMP\\htdocs\\framework-server\\Retro-Monsters-2026\\vendor\\laravel\\framework\\src\\Illuminate\\Foundation\\Http\\Middleware\\TrimStrings.php(50): Illuminate\\Foundation\\Http\\Middleware\\TransformsRequest->handle()
#54 C:\\MAMP\\htdocs\\framework-server\\Retro-Monsters-2026\\vendor\\laravel\\framework\\src\\Illuminate\\Pipeline\\Pipeline.php(183): Illuminate\\Foundation\\Http\\Middleware\\TrimStrings->handle()
#55 C:\\MAMP\\htdocs\\framework-server\\Retro-Monsters-2026\\vendor\\laravel\\framework\\src\\Illuminate\\Http\\Middleware\\ValidatePostSize.php(27): Illuminate\\Pipeline\\Pipeline->Illuminate\\Pipeline\\{closure}()
#56 C:\\MAMP\\htdocs\\framework-server\\Retro-Monsters-2026\\vendor\\laravel\\framework\\src\\Illuminate\\Pipeline\\Pipeline.php(183): Illuminate\\Http\\Middleware\\ValidatePostSize->handle()
#57 C:\\MAMP\\htdocs\\framework-server\\Retro-Monsters-2026\\vendor\\laravel\\framework\\src\\Illuminate\\Foundation\\Http\\Middleware\\PreventRequestsDuringMaintenance.php(103): Illuminate\\Pipeline\\Pipeline->Illuminate\\Pipeline\\{closure}()
#58 C:\\MAMP\\htdocs\\framework-server\\Retro-Monsters-2026\\vendor\\laravel\\framework\\src\\Illuminate\\Pipeline\\Pipeline.php(183): Illuminate\\Foundation\\Http\\Middleware\\PreventRequestsDuringMaintenance->handle()
#59 C:\\MAMP\\htdocs\\framework-server\\Retro-Monsters-2026\\vendor\\laravel\\framework\\src\\Illuminate\\Pipeline\\Pipeline.php(119): Illuminate\\Pipeline\\Pipeline->Illuminate\\Pipeline\\{closure}()
#60 C:\\MAMP\\htdocs\\framework-server\\Retro-Monsters-2026\\vendor\\laravel\\framework\\src\\Illuminate\\Foundation\\Http\\Kernel.php(175): Illuminate\\Pipeline\\Pipeline->then()
#61 C:\\MAMP\\htdocs\\framework-server\\Retro-Monsters-2026\\vendor\\laravel\\framework\\src\\Illuminate\\Foundation\\Http\\Kernel.php(144): Illuminate\\Foundation\\Http\\Kernel->sendRequestThroughRouter()
#62 C:\\MAMP\\htdocs\\framework-server\\Retro-Monsters-2026\\public\\index.php(54): Illuminate\\Foundation\\Http\\Kernel->handle()
#63 C:\\MAMP\\htdocs\\framework-server\\Retro-Monsters-2026\\server.php(21): require_once('...')
#64 {main}

[previous exception] [object] (Illuminate\\View\\ViewException(code: 0): Class \"App\\Rarete\" not found (View: C:\\MAMP\\htdocs\\framework-server\\Retro-Monsters-2026\\resources\\views\\layouts\\partials\\_aside.blade.php) at C:\\MAMP\\htdocs\\framework-server\\Retro-Monsters-2026\\storage\\framework\\views\\4fc55f9d1905c0a1220fa5cea5304fe0.php:6)
[stacktrace]
#0 C:\\MAMP\\htdocs\\framework-server\\Retro-Monsters-2026\\vendor\\laravel\\framework\\src\\Illuminate\\View\\Engines\\PhpEngine.php(60): Illuminate\\View\\Engines\\CompilerEngine->handleViewException()
#1 C:\\MAMP\\htdocs\\framework-server\\Retro-Monsters-2026\\vendor\\laravel\\framework\\src\\Illuminate\\View\\Engines\\CompilerEngine.php(73): Illuminate\\View\\Engines\\PhpEngine->evaluatePath()
#2 C:\\MAMP\\htdocs\\framework-server\\Retro-Monsters-2026\\vendor\\laravel\\framework\\src\\Illuminate\\View\\View.php(208): Illuminate\\View\\Engines\\CompilerEngine->get()
#3 C:\\MAMP\\htdocs\\framework-server\\Retro-Monsters-2026\\vendor\\laravel\\framework\\src\\Illuminate\\View\\View.php(191): Illuminate\\View\\View->getContents()
#4 C:\\MAMP\\htdocs\\framework-server\\Retro-Monsters-2026\\vendor\\laravel\\framework\\src\\Illuminate\\View\\View.php(160): Illuminate\\View\\View->renderContents()
#5 C:\\MAMP\\htdocs\\framework-server\\Retro-Monsters-2026\\storage\\framework\\views\\34e19d40edc6ed383aacda2cd77a50c0.php(7): Illuminate\\View\\View->render()
#6 C:\\MAMP\\htdocs\\framework-server\\Retro-Monsters-2026\\vendor\\laravel\\framework\\src\\Illuminate\\Filesystem\\Filesystem.php(123): require('...')
#7 C:\\MAMP\\htdocs\\framework-server\\Retro-Monsters-2026\\vendor\\laravel\\framework\\src\\Illuminate\\Filesystem\\Filesystem.php(124): Illuminate\\Filesystem\\Filesystem::Illuminate\\Filesystem\\{closure}()
#8 C:\\MAMP\\htdocs\\framework-server\\Retro-Monsters-2026\\vendor\\laravel\\framework\\src\\Illuminate\\View\\Engines\\PhpEngine.php(58): Illuminate\\Filesystem\\Filesystem->getRequire()
#9 C:\\MAMP\\htdocs\\framework-server\\Retro-Monsters-2026\\vendor\\laravel\\framework\\src\\Illuminate\\View\\Engines\\CompilerEngine.php(73): Illuminate\\View\\Engines\\PhpEngine->evaluatePath()
#10 C:\\MAMP\\htdocs\\framework-server\\Retro-Monsters-2026\\vendor\\laravel\\framework\\src\\Illuminate\\View\\View.php(208): Illuminate\\View\\Engines\\CompilerEngine->get()
#11 C:\\MAMP\\htdocs\\framework-server\\Retro-Monsters-2026\\vendor\\laravel\\framework\\src\\Illuminate\\View\\View.php(191): Illuminate\\View\\View->getContents()
#12 C:\\MAMP\\htdocs\\framework-server\\Retro-Monsters-2026\\vendor\\laravel\\framework\\src\\Illuminate\\View\\View.php(160): Illuminate\\View\\View->renderContents()
#13 C:\\MAMP\\htdocs\\framework-server\\Retro-Monsters-2026\\storage\\framework\\views\\ef9875a9d70ab210352a02a18fde6092.php(11): Illuminate\\View\\View->render()
#14 C:\\MAMP\\htdocs\\framework-server\\Retro-Monsters-2026\\vendor\\laravel\\framework\\src\\Illuminate\\Filesystem\\Filesystem.php(123): require('...')
#15 C:\\MAMP\\htdocs\\framework-server\\Retro-Monsters-2026\\vendor\\laravel\\framework\\src\\Illuminate\\Filesystem\\Filesystem.php(124): Illuminate\\Filesystem\\Filesystem::Illuminate\\Filesystem\\{closure}()
#16 C:\\MAMP\\htdocs\\framework-server\\Retro-Monsters-2026\\vendor\\laravel\\framework\\src\\Illuminate\\View\\Engines\\PhpEngine.php(58): Illuminate\\Filesystem\\Filesystem->getRequire()
#17 C:\\MAMP\\htdocs\\framework-server\\Retro-Monsters-2026\\vendor\\laravel\\framework\\src\\Illuminate\\View\\Engines\\CompilerEngine.php(73): Illuminate\\View\\Engines\\PhpEngine->evaluatePath()
#18 C:\\MAMP\\htdocs\\framework-server\\Retro-Monsters-2026\\vendor\\laravel\\framework\\src\\Illuminate\\View\\View.php(208): Illuminate\\View\\Engines\\CompilerEngine->get()
#19 C:\\MAMP\\htdocs\\framework-server\\Retro-Monsters-2026\\vendor\\laravel\\framework\\src\\Illuminate\\View\\View.php(191): Illuminate\\View\\View->getContents()
#20 C:\\MAMP\\htdocs\\framework-server\\Retro-Monsters-2026\\vendor\\laravel\\framework\\src\\Illuminate\\View\\View.php(160): Illuminate\\View\\View->renderContents()
#21 C:\\MAMP\\htdocs\\framework-server\\Retro-Monsters-2026\\storage\\framework\\views\\d3d4a6132adb98db212e05dc18ac3ec0.php(90): Illuminate\\View\\View->render()
#22 C:\\MAMP\\htdocs\\framework-server\\Retro-Monsters-2026\\vendor\\laravel\\framework\\src\\Illuminate\\Filesystem\\Filesystem.php(123): require('...')
#23 C:\\MAMP\\htdocs\\framework-server\\Retro-Monsters-2026\\vendor\\laravel\\framework\\src\\Illuminate\\Filesystem\\Filesystem.php(124): Illuminate\\Filesystem\\Filesystem::Illuminate\\Filesystem\\{closure}()
#24 C:\\MAMP\\htdocs\\framework-server\\Retro-Monsters-2026\\vendor\\laravel\\framework\\src\\Illuminate\\View\\Engines\\PhpEngine.php(58): Illuminate\\Filesystem\\Filesystem->getRequire()
#25 C:\\MAMP\\htdocs\\framework-server\\Retro-Monsters-2026\\vendor\\laravel\\framework\\src\\Illuminate\\View\\Engines\\CompilerEngine.php(73): Illuminate\\View\\Engines\\PhpEngine->evaluatePath()
#26 C:\\MAMP\\htdocs\\framework-server\\Retro-Monsters-2026\\vendor\\laravel\\framework\\src\\Illuminate\\View\\View.php(208): Illuminate\\View\\Engines\\CompilerEngine->get()
#27 C:\\MAMP\\htdocs\\framework-server\\Retro-Monsters-2026\\vendor\\laravel\\framework\\src\\Illuminate\\View\\View.php(191): Illuminate\\View\\View->getContents()
#28 C:\\MAMP\\htdocs\\framework-server\\Retro-Monsters-2026\\vendor\\laravel\\framework\\src\\Illuminate\\View\\View.php(160): Illuminate\\View\\View->renderContents()
#29 C:\\MAMP\\htdocs\\framework-server\\Retro-Monsters-2026\\vendor\\laravel\\framework\\src\\Illuminate\\Http\\Response.php(70): Illuminate\\View\\View->render()
#30 C:\\MAMP\\htdocs\\framework-server\\Retro-Monsters-2026\\vendor\\laravel\\framework\\src\\Illuminate\\Http\\Response.php(35): Illuminate\\Http\\Response->setContent()
#31 C:\\MAMP\\htdocs\\framework-server\\Retro-Monsters-2026\\vendor\\laravel\\framework\\src\\Illuminate\\Routing\\Router.php(918): Illuminate\\Http\\Response->__construct()
#32 C:\\MAMP\\htdocs\\framework-server\\Retro-Monsters-2026\\vendor\\laravel\\framework\\src\\Illuminate\\Routing\\Router.php(885): Illuminate\\Routing\\Router::toResponse()
#33 C:\\MAMP\\htdocs\\framework-server\\Retro-Monsters-2026\\vendor\\laravel\\framework\\src\\Illuminate\\Routing\\Router.php(805): Illuminate\\Routing\\Router->prepareResponse()
#34 C:\\MAMP\\htdocs\\framework-server\\Retro-Monsters-2026\\vendor\\laravel\\framework\\src\\Illuminate\\Pipeline\\Pipeline.php(144): Illuminate\\Routing\\Router->Illuminate\\Routing\\{closure}()
#35 C:\\MAMP\\htdocs\\framework-server\\Retro-Monsters-2026\\vendor\\laravel\\framework\\src\\Illuminate\\Routing\\Middleware\\SubstituteBindings.php(50): Illuminate\\Pipeline\\Pipeline->Illuminate\\Pipeline\\{closure}()
#36 C:\\MAMP\\htdocs\\framework-server\\Retro-Monsters-2026\\vendor\\laravel\\framework\\src\\Illuminate\\Pipeline\\Pipeline.php(183): Illuminate\\Routing\\Middleware\\SubstituteBindings->handle()
#37 C:\\MAMP\\htdocs\\framework-server\\Retro-Monsters-2026\\vendor\\laravel\\framework\\src\\Illuminate\\Foundation\\Http\\Middleware\\VerifyCsrfToken.php(81): Illuminate\\Pipeline\\Pipeline->Illuminate\\Pipeline\\{closure}()
#38 C:\\MAMP\\htdocs\\framework-server\\Retro-Monsters-2026\\vendor\\laravel\\framework\\src\\Illuminate\\Pipeline\\Pipeline.php(183): Illuminate\\Foundation\\Http\\Middleware\\VerifyCsrfToken->handle()
#39 C:\\MAMP\\htdocs\\framework-server\\Retro-Monsters-2026\\vendor\\laravel\\framework\\src\\Illuminate\\View\\Middleware\\ShareErrorsFromSession.php(49): Illuminate\\Pipeline\\Pipeline->Illuminate\\Pipeline\\{closure}()
#40 C:\\MAMP\\htdocs\\framework-server\\Retro-Monsters-2026\\vendor\\laravel\\framework\\src\\Illuminate\\Pipeline\\Pipeline.php(183): Illuminate\\View\\Middleware\\ShareErrorsFromSession->handle()
#41 C:\\MAMP\\htdocs\\framework-server\\Retro-Monsters-2026\\vendor\\laravel\\framework\\src\\Illuminate\\Session\\Middleware\\StartSession.php(121): Illuminate\\Pipeline\\Pipeline->Illuminate\\Pipeline\\{closure}()
#42 C:\\MAMP\\htdocs\\framework-server\\Retro-Monsters-2026\\vendor\\laravel\\framework\\src\\Illuminate\\Session\\Middleware\\StartSession.php(64): Illuminate\\Session\\Middleware\\StartSession->handleStatefulRequest()
#43 C:\\MAMP\\htdocs\\framework-server\\Retro-Monsters-2026\\vendor\\laravel\\framework\\src\\Illuminate\\Pipeline\\Pipeline.php(183): Illuminate\\Session\\Middleware\\StartSession->handle()
#44 C:\\MAMP\\htdocs\\framework-server\\Retro-Monsters-2026\\vendor\\laravel\\framework\\src\\Illuminate\\Cookie\\Middleware\\AddQueuedCookiesToResponse.php(37): Illuminate\\Pipeline\\Pipeline->Illuminate\\Pipeline\\{closure}()
#45 C:\\MAMP\\htdocs\\framework-server\\Retro-Monsters-2026\\vendor\\laravel\\framework\\src\\Illuminate\\Pipeline\\Pipeline.php(183): Illuminate\\Cookie\\Middleware\\AddQueuedCookiesToResponse->handle()
#46 C:\\MAMP\\htdocs\\framework-server\\Retro-Monsters-2026\\vendor\\laravel\\framework\\src\\Illuminate\\Cookie\\Middleware\\EncryptCookies.php(75): Illuminate\\Pipeline\\Pipeline->Illuminate\\Pipeline\\{closure}()
#47 C:\\MAMP\\htdocs\\framework-server\\Retro-Monsters-2026\\vendor\\laravel\\framework\\src\\Illuminate\\Pipeline\\Pipeline.php(183): Illuminate\\Cookie\\Middleware\\EncryptCookies->handle()
#48 C:\\MAMP\\htdocs\\framework-server\\Retro-Monsters-2026\\vendor\\laravel\\framework\\src\\Illuminate\\Pipeline\\Pipeline.php(119): Illuminate\\Pipeline\\Pipeline->Illuminate\\Pipeline\\{closure}()
#49 C:\\MAMP\\htdocs\\framework-server\\Retro-Monsters-2026\\vendor\\laravel\\framework\\src\\Illuminate\\Routing\\Router.php(805): Illuminate\\Pipeline\\Pipeline->then()
#50 C:\\MAMP\\htdocs\\framework-server\\Retro-Monsters-2026\\vendor\\laravel\\framework\\src\\Illuminate\\Routing\\Router.php(784): Illuminate\\Routing\\Router->runRouteWithinStack()
#51 C:\\MAMP\\htdocs\\framework-server\\Retro-Monsters-2026\\vendor\\laravel\\framework\\src\\Illuminate\\Routing\\Router.php(748): Illuminate\\Routing\\Router->runRoute()
#52 C:\\MAMP\\htdocs\\framework-server\\Retro-Monsters-2026\\vendor\\laravel\\framework\\src\\Illuminate\\Routing\\Router.php(737): Illuminate\\Routing\\Router->dispatchToRoute()
#53 C:\\MAMP\\htdocs\\framework-server\\Retro-Monsters-2026\\vendor\\laravel\\framework\\src\\Illuminate\\Foundation\\Http\\Kernel.php(200): Illuminate\\Routing\\Router->dispatch()
#54 C:\\MAMP\\htdocs\\framework-server\\Retro-Monsters-2026\\vendor\\laravel\\framework\\src\\Illuminate\\Pipeline\\Pipeline.php(144): Illuminate\\Foundation\\Http\\Kernel->Illuminate\\Foundation\\Http\\{closure}()
#55 C:\\MAMP\\htdocs\\framework-server\\Retro-Monsters-2026\\vendor\\laravel\\framework\\src\\Illuminate\\Http\\Middleware\\TrustProxies.php(57): Illuminate\\Pipeline\\Pipeline->Illuminate\\Pipeline\\{closure}()
#56 C:\\MAMP\\htdocs\\framework-server\\Retro-Monsters-2026\\vendor\\laravel\\framework\\src\\Illuminate\\Pipeline\\Pipeline.php(183): Illuminate\\Http\\Middleware\\TrustProxies->handle()
#57 C:\\MAMP\\htdocs\\framework-server\\Retro-Monsters-2026\\vendor\\laravel\\framework\\src\\Illuminate\\Foundation\\Http\\Middleware\\TransformsRequest.php(21): Illuminate\\Pipeline\\Pipeline->Illuminate\\Pipeline\\{closure}()
#58 C:\\MAMP\\htdocs\\framework-server\\Retro-Monsters-2026\\vendor\\laravel\\framework\\src\\Illuminate\\Foundation\\Http\\Middleware\\ConvertEmptyStringsToNull.php(31): Illuminate\\Foundation\\Http\\Middleware\\TransformsRequest->handle()
#59 C:\\MAMP\\htdocs\\framework-server\\Retro-Monsters-2026\\vendor\\laravel\\framework\\src\\Illuminate\\Pipeline\\Pipeline.php(183): Illuminate\\Foundation\\Http\\Middleware\\ConvertEmptyStringsToNull->handle()
#60 C:\\MAMP\\htdocs\\framework-server\\Retro-Monsters-2026\\vendor\\laravel\\framework\\src\\Illuminate\\Foundation\\Http\\Middleware\\TransformsRequest.php(21): Illuminate\\Pipeline\\Pipeline->Illuminate\\Pipeline\\{closure}()
#61 C:\\MAMP\\htdocs\\framework-server\\Retro-Monsters-2026\\vendor\\laravel\\framework\\src\\Illuminate\\Foundation\\Http\\Middleware\\TrimStrings.php(50): Illuminate\\Foundation\\Http\\Middleware\\TransformsRequest->handle()
#62 C:\\MAMP\\htdocs\\framework-server\\Retro-Monsters-2026\\vendor\\laravel\\framework\\src\\Illuminate\\Pipeline\\Pipeline.php(183): Illuminate\\Foundation\\Http\\Middleware\\TrimStrings->handle()
#63 C:\\MAMP\\htdocs\\framework-server\\Retro-Monsters-2026\\vendor\\laravel\\framework\\src\\Illuminate\\Http\\Middleware\\ValidatePostSize.php(27): Illuminate\\Pipeline\\Pipeline->Illuminate\\Pipeline\\{closure}()
#64 C:\\MAMP\\htdocs\\framework-server\\Retro-Monsters-2026\\vendor\\laravel\\framework\\src\\Illuminate\\Pipeline\\Pipeline.php(183): Illuminate\\Http\\Middleware\\ValidatePostSize->handle()
#65 C:\\MAMP\\htdocs\\framework-server\\Retro-Monsters-2026\\vendor\\laravel\\framework\\src\\Illuminate\\Foundation\\Http\\Middleware\\PreventRequestsDuringMaintenance.php(103): Illuminate\\Pipeline\\Pipeline->Illuminate\\Pipeline\\{closure}()
#66 C:\\MAMP\\htdocs\\framework-server\\Retro-Monsters-2026\\vendor\\laravel\\framework\\src\\Illuminate\\Pipeline\\Pipeline.php(183): Illuminate\\Foundation\\Http\\Middleware\\PreventRequestsDuringMaintenance->handle()
#67 C:\\MAMP\\htdocs\\framework-server\\Retro-Monsters-2026\\vendor\\laravel\\framework\\src\\Illuminate\\Pipeline\\Pipeline.php(119): Illuminate\\Pipeline\\Pipeline->Illuminate\\Pipeline\\{closure}()
#68 C:\\MAMP\\htdocs\\framework-server\\Retro-Monsters-2026\\vendor\\laravel\\framework\\src\\Illuminate\\Foundation\\Http\\Kernel.php(175): Illuminate\\Pipeline\\Pipeline->then()
#69 C:\\MAMP\\htdocs\\framework-server\\Retro-Monsters-2026\\vendor\\laravel\\framework\\src\\Illuminate\\Foundation\\Http\\Kernel.php(144): Illuminate\\Foundation\\Http\\Kernel->sendRequestThroughRouter()
#70 C:\\MAMP\\htdocs\\framework-server\\Retro-Monsters-2026\\public\\index.php(54): Illuminate\\Foundation\\Http\\Kernel->handle()
#71 C:\\MAMP\\htdocs\\framework-server\\Retro-Monsters-2026\\server.php(21): require_once('...')
#72 {main}

[previous exception] [object] (Error(code: 0): Class \"App\\Rarete\" not found at C:\\MAMP\\htdocs\\framework-server\\Retro-Monsters-2026\\storage\\framework\\views\\4fc55f9d1905c0a1220fa5cea5304fe0.php:6)
[stacktrace]
#0 C:\\MAMP\\htdocs\\framework-server\\Retro-Monsters-2026\\vendor\\laravel\\framework\\src\\Illuminate\\Filesystem\\Filesystem.php(123): require()
#1 C:\\MAMP\\htdocs\\framework-server\\Retro-Monsters-2026\\vendor\\laravel\\framework\\src\\Illuminate\\Filesystem\\Filesystem.php(124): Illuminate\\Filesystem\\Filesystem::Illuminate\\Filesystem\\{closure}()
#2 C:\\MAMP\\htdocs\\framework-server\\Retro-Monsters-2026\\vendor\\laravel\\framework\\src\\Illuminate\\View\\Engines\\PhpEngine.php(58): Illuminate\\Filesystem\\Filesystem->getRequire()
#3 C:\\MAMP\\htdocs\\framework-server\\Retro-Monsters-2026\\vendor\\laravel\\framework\\src\\Illuminate\\View\\Engines\\CompilerEngine.php(73): Illuminate\\View\\Engines\\PhpEngine->evaluatePath()
#4 C:\\MAMP\\htdocs\\framework-server\\Retro-Monsters-2026\\vendor\\laravel\\framework\\src\\Illuminate\\View\\View.php(208): Illuminate\\View\\Engines\\CompilerEngine->get()
#5 C:\\MAMP\\htdocs\\framework-server\\Retro-Monsters-2026\\vendor\\laravel\\framework\\src\\Illuminate\\View\\View.php(191): Illuminate\\View\\View->getContents()
#6 C:\\MAMP\\htdocs\\framework-server\\Retro-Monsters-2026\\vendor\\laravel\\framework\\src\\Illuminate\\View\\View.php(160): Illuminate\\View\\View->renderContents()
#7 C:\\MAMP\\htdocs\\framework-server\\Retro-Monsters-2026\\storage\\framework\\views\\34e19d40edc6ed383aacda2cd77a50c0.php(7): Illuminate\\View\\View->render()
#8 C:\\MAMP\\htdocs\\framework-server\\Retro-Monsters-2026\\vendor\\laravel\\framework\\src\\Illuminate\\Filesystem\\Filesystem.php(123): require('...')
#9 C:\\MAMP\\htdocs\\framework-server\\Retro-Monsters-2026\\vendor\\laravel\\framework\\src\\Illuminate\\Filesystem\\Filesystem.php(124): Illuminate\\Filesystem\\Filesystem::Illuminate\\Filesystem\\{closure}()
#10 C:\\MAMP\\htdocs\\framework-server\\Retro-Monsters-2026\\vendor\\laravel\\framework\\src\\Illuminate\\View\\Engines\\PhpEngine.php(58): Illuminate\\Filesystem\\Filesystem->getRequire()
#11 C:\\MAMP\\htdocs\\framework-server\\Retro-Monsters-2026\\vendor\\laravel\\framework\\src\\Illuminate\\View\\Engines\\CompilerEngine.php(73): Illuminate\\View\\Engines\\PhpEngine->evaluatePath()
#12 C:\\MAMP\\htdocs\\framework-server\\Retro-Monsters-2026\\vendor\\laravel\\framework\\src\\Illuminate\\View\\View.php(208): Illuminate\\View\\Engines\\CompilerEngine->get()
#13 C:\\MAMP\\htdocs\\framework-server\\Retro-Monsters-2026\\vendor\\laravel\\framework\\src\\Illuminate\\View\\View.php(191): Illuminate\\View\\View->getContents()
#14 C:\\MAMP\\htdocs\\framework-server\\Retro-Monsters-2026\\vendor\\laravel\\framework\\src\\Illuminate\\View\\View.php(160): Illuminate\\View\\View->renderContents()
#15 C:\\MAMP\\htdocs\\framework-server\\Retro-Monsters-2026\\storage\\framework\\views\\ef9875a9d70ab210352a02a18fde6092.php(11): Illuminate\\View\\View->render()
#16 C:\\MAMP\\htdocs\\framework-server\\Retro-Monsters-2026\\vendor\\laravel\\framework\\src\\Illuminate\\Filesystem\\Filesystem.php(123): require('...')
#17 C:\\MAMP\\htdocs\\framework-server\\Retro-Monsters-2026\\vendor\\laravel\\framework\\src\\Illuminate\\Filesystem\\Filesystem.php(124): Illuminate\\Filesystem\\Filesystem::Illuminate\\Filesystem\\{closure}()
#18 C:\\MAMP\\htdocs\\framework-server\\Retro-Monsters-2026\\vendor\\laravel\\framework\\src\\Illuminate\\View\\Engines\\PhpEngine.php(58): Illuminate\\Filesystem\\Filesystem->getRequire()
#19 C:\\MAMP\\htdocs\\framework-server\\Retro-Monsters-2026\\vendor\\laravel\\framework\\src\\Illuminate\\View\\Engines\\CompilerEngine.php(73): Illuminate\\View\\Engines\\PhpEngine->evaluatePath()
#20 C:\\MAMP\\htdocs\\framework-server\\Retro-Monsters-2026\\vendor\\laravel\\framework\\src\\Illuminate\\View\\View.php(208): Illuminate\\View\\Engines\\CompilerEngine->get()
#21 C:\\MAMP\\htdocs\\framework-server\\Retro-Monsters-2026\\vendor\\laravel\\framework\\src\\Illuminate\\View\\View.php(191): Illuminate\\View\\View->getContents()
#22 C:\\MAMP\\htdocs\\framework-server\\Retro-Monsters-2026\\vendor\\laravel\\framework\\src\\Illuminate\\View\\View.php(160): Illuminate\\View\\View->renderContents()
#23 C:\\MAMP\\htdocs\\framework-server\\Retro-Monsters-2026\\storage\\framework\\views\\d3d4a6132adb98db212e05dc18ac3ec0.php(90): Illuminate\\View\\View->render()
#24 C:\\MAMP\\htdocs\\framework-server\\Retro-Monsters-2026\\vendor\\laravel\\framework\\src\\Illuminate\\Filesystem\\Filesystem.php(123): require('...')
#25 C:\\MAMP\\htdocs\\framework-server\\Retro-Monsters-2026\\vendor\\laravel\\framework\\src\\Illuminate\\Filesystem\\Filesystem.php(124): Illuminate\\Filesystem\\Filesystem::Illuminate\\Filesystem\\{closure}()
#26 C:\\MAMP\\htdocs\\framework-server\\Retro-Monsters-2026\\vendor\\laravel\\framework\\src\\Illuminate\\View\\Engines\\PhpEngine.php(58): Illuminate\\Filesystem\\Filesystem->getRequire()
#27 C:\\MAMP\\htdocs\\framework-server\\Retro-Monsters-2026\\vendor\\laravel\\framework\\src\\Illuminate\\View\\Engines\\CompilerEngine.php(73): Illuminate\\View\\Engines\\PhpEngine->evaluatePath()
#28 C:\\MAMP\\htdocs\\framework-server\\Retro-Monsters-2026\\vendor\\laravel\\framework\\src\\Illuminate\\View\\View.php(208): Illuminate\\View\\Engines\\CompilerEngine->get()
#29 C:\\MAMP\\htdocs\\framework-server\\Retro-Monsters-2026\\vendor\\laravel\\framework\\src\\Illuminate\\View\\View.php(191): Illuminate\\View\\View->getContents()
#30 C:\\MAMP\\htdocs\\framework-server\\Retro-Monsters-2026\\vendor\\laravel\\framework\\src\\Illuminate\\View\\View.php(160): Illuminate\\View\\View->renderContents()
#31 C:\\MAMP\\htdocs\\framework-server\\Retro-Monsters-2026\\vendor\\laravel\\framework\\src\\Illuminate\\Http\\Response.php(70): Illuminate\\View\\View->render()
#32 C:\\MAMP\\htdocs\\framework-server\\Retro-Monsters-2026\\vendor\\laravel\\framework\\src\\Illuminate\\Http\\Response.php(35): Illuminate\\Http\\Response->setContent()
#33 C:\\MAMP\\htdocs\\framework-server\\Retro-Monsters-2026\\vendor\\laravel\\framework\\src\\Illuminate\\Routing\\Router.php(918): Illuminate\\Http\\Response->__construct()
#34 C:\\MAMP\\htdocs\\framework-server\\Retro-Monsters-2026\\vendor\\laravel\\framework\\src\\Illuminate\\Routing\\Router.php(885): Illuminate\\Routing\\Router::toResponse()
#35 C:\\MAMP\\htdocs\\framework-server\\Retro-Monsters-2026\\vendor\\laravel\\framework\\src\\Illuminate\\Routing\\Router.php(805): Illuminate\\Routing\\Router->prepareResponse()
#36 C:\\MAMP\\htdocs\\framework-server\\Retro-Monsters-2026\\vendor\\laravel\\framework\\src\\Illuminate\\Pipeline\\Pipeline.php(144): Illuminate\\Routing\\Router->Illuminate\\Routing\\{closure}()
#37 C:\\MAMP\\htdocs\\framework-server\\Retro-Monsters-2026\\vendor\\laravel\\framework\\src\\Illuminate\\Routing\\Middleware\\SubstituteBindings.php(50): Illuminate\\Pipeline\\Pipeline->Illuminate\\Pipeline\\{closure}()
#38 C:\\MAMP\\htdocs\\framework-server\\Retro-Monsters-2026\\vendor\\laravel\\framework\\src\\Illuminate\\Pipeline\\Pipeline.php(183): Illuminate\\Routing\\Middleware\\SubstituteBindings->handle()
#39 C:\\MAMP\\htdocs\\framework-server\\Retro-Monsters-2026\\vendor\\laravel\\framework\\src\\Illuminate\\Foundation\\Http\\Middleware\\VerifyCsrfToken.php(81): Illuminate\\Pipeline\\Pipeline->Illuminate\\Pipeline\\{closure}()
#40 C:\\MAMP\\htdocs\\framework-server\\Retro-Monsters-2026\\vendor\\laravel\\framework\\src\\Illuminate\\Pipeline\\Pipeline.php(183): Illuminate\\Foundation\\Http\\Middleware\\VerifyCsrfToken->handle()
#41 C:\\MAMP\\htdocs\\framework-server\\Retro-Monsters-2026\\vendor\\laravel\\framework\\src\\Illuminate\\View\\Middleware\\ShareErrorsFromSession.php(49): Illuminate\\Pipeline\\Pipeline->Illuminate\\Pipeline\\{closure}()
#42 C:\\MAMP\\htdocs\\framework-server\\Retro-Monsters-2026\\vendor\\laravel\\framework\\src\\Illuminate\\Pipeline\\Pipeline.php(183): Illuminate\\View\\Middleware\\ShareErrorsFromSession->handle()
#43 C:\\MAMP\\htdocs\\framework-server\\Retro-Monsters-2026\\vendor\\laravel\\framework\\src\\Illuminate\\Session\\Middleware\\StartSession.php(121): Illuminate\\Pipeline\\Pipeline->Illuminate\\Pipeline\\{closure}()
#44 C:\\MAMP\\htdocs\\framework-server\\Retro-Monsters-2026\\vendor\\laravel\\framework\\src\\Illuminate\\Session\\Middleware\\StartSession.php(64): Illuminate\\Session\\Middleware\\StartSession->handleStatefulRequest()
#45 C:\\MAMP\\htdocs\\framework-server\\Retro-Monsters-2026\\vendor\\laravel\\framework\\src\\Illuminate\\Pipeline\\Pipeline.php(183): Illuminate\\Session\\Middleware\\StartSession->handle()
#46 C:\\MAMP\\htdocs\\framework-server\\Retro-Monsters-2026\\vendor\\laravel\\framework\\src\\Illuminate\\Cookie\\Middleware\\AddQueuedCookiesToResponse.php(37): Illuminate\\Pipeline\\Pipeline->Illuminate\\Pipeline\\{closure}()
#47 C:\\MAMP\\htdocs\\framework-server\\Retro-Monsters-2026\\vendor\\laravel\\framework\\src\\Illuminate\\Pipeline\\Pipeline.php(183): Illuminate\\Cookie\\Middleware\\AddQueuedCookiesToResponse->handle()
#48 C:\\MAMP\\htdocs\\framework-server\\Retro-Monsters-2026\\vendor\\laravel\\framework\\src\\Illuminate\\Cookie\\Middleware\\EncryptCookies.php(75): Illuminate\\Pipeline\\Pipeline->Illuminate\\Pipeline\\{closure}()
#49 C:\\MAMP\\htdocs\\framework-server\\Retro-Monsters-2026\\vendor\\laravel\\framework\\src\\Illuminate\\Pipeline\\Pipeline.php(183): Illuminate\\Cookie\\Middleware\\EncryptCookies->handle()
#50 C:\\MAMP\\htdocs\\framework-server\\Retro-Monsters-2026\\vendor\\laravel\\framework\\src\\Illuminate\\Pipeline\\Pipeline.php(119): Illuminate\\Pipeline\\Pipeline->Illuminate\\Pipeline\\{closure}()
#51 C:\\MAMP\\htdocs\\framework-server\\Retro-Monsters-2026\\vendor\\laravel\\framework\\src\\Illuminate\\Routing\\Router.php(805): Illuminate\\Pipeline\\Pipeline->then()
#52 C:\\MAMP\\htdocs\\framework-server\\Retro-Monsters-2026\\vendor\\laravel\\framework\\src\\Illuminate\\Routing\\Router.php(784): Illuminate\\Routing\\Router->runRouteWithinStack()
#53 C:\\MAMP\\htdocs\\framework-server\\Retro-Monsters-2026\\vendor\\laravel\\framework\\src\\Illuminate\\Routing\\Router.php(748): Illuminate\\Routing\\Router->runRoute()
#54 C:\\MAMP\\htdocs\\framework-server\\Retro-Monsters-2026\\vendor\\laravel\\framework\\src\\Illuminate\\Routing\\Router.php(737): Illuminate\\Routing\\Router->dispatchToRoute()
#55 C:\\MAMP\\htdocs\\framework-server\\Retro-Monsters-2026\\vendor\\laravel\\framework\\src\\Illuminate\\Foundation\\Http\\Kernel.php(200): Illuminate\\Routing\\Router->dispatch()
#56 C:\\MAMP\\htdocs\\framework-server\\Retro-Monsters-2026\\vendor\\laravel\\framework\\src\\Illuminate\\Pipeline\\Pipeline.php(144): Illuminate\\Foundation\\Http\\Kernel->Illuminate\\Foundation\\Http\\{closure}()
#57 C:\\MAMP\\htdocs\\framework-server\\Retro-Monsters-2026\\vendor\\laravel\\framework\\src\\Illuminate\\Http\\Middleware\\TrustProxies.php(57): Illuminate\\Pipeline\\Pipeline->Illuminate\\Pipeline\\{closure}()
#58 C:\\MAMP\\htdocs\\framework-server\\Retro-Monsters-2026\\vendor\\laravel\\framework\\src\\Illuminate\\Pipeline\\Pipeline.php(183): Illuminate\\Http\\Middleware\\TrustProxies->handle()
#59 C:\\MAMP\\htdocs\\framework-server\\Retro-Monsters-2026\\vendor\\laravel\\framework\\src\\Illuminate\\Foundation\\Http\\Middleware\\TransformsRequest.php(21): Illuminate\\Pipeline\\Pipeline->Illuminate\\Pipeline\\{closure}()
#60 C:\\MAMP\\htdocs\\framework-server\\Retro-Monsters-2026\\vendor\\laravel\\framework\\src\\Illuminate\\Foundation\\Http\\Middleware\\ConvertEmptyStringsToNull.php(31): Illuminate\\Foundation\\Http\\Middleware\\TransformsRequest->handle()
#61 C:\\MAMP\\htdocs\\framework-server\\Retro-Monsters-2026\\vendor\\laravel\\framework\\src\\Illuminate\\Pipeline\\Pipeline.php(183): Illuminate\\Foundation\\Http\\Middleware\\ConvertEmptyStringsToNull->handle()
#62 C:\\MAMP\\htdocs\\framework-server\\Retro-Monsters-2026\\vendor\\laravel\\framework\\src\\Illuminate\\Foundation\\Http\\Middleware\\TransformsRequest.php(21): Illuminate\\Pipeline\\Pipeline->Illuminate\\Pipeline\\{closure}()
#63 C:\\MAMP\\htdocs\\framework-server\\Retro-Monsters-2026\\vendor\\laravel\\framework\\src\\Illuminate\\Foundation\\Http\\Middleware\\TrimStrings.php(50): Illuminate\\Foundation\\Http\\Middleware\\TransformsRequest->handle()
#64 C:\\MAMP\\htdocs\\framework-server\\Retro-Monsters-2026\\vendor\\laravel\\framework\\src\\Illuminate\\Pipeline\\Pipeline.php(183): Illuminate\\Foundation\\Http\\Middleware\\TrimStrings->handle()
#65 C:\\MAMP\\htdocs\\framework-server\\Retro-Monsters-2026\\vendor\\laravel\\framework\\src\\Illuminate\\Http\\Middleware\\ValidatePostSize.php(27): Illuminate\\Pipeline\\Pipeline->Illuminate\\Pipeline\\{closure}()
#66 C:\\MAMP\\htdocs\\framework-server\\Retro-Monsters-2026\\vendor\\laravel\\framework\\src\\Illuminate\\Pipeline\\Pipeline.php(183): Illuminate\\Http\\Middleware\\ValidatePostSize->handle()
#67 C:\\MAMP\\htdocs\\framework-server\\Retro-Monsters-2026\\vendor\\laravel\\framework\\src\\Illuminate\\Foundation\\Http\\Middleware\\PreventRequestsDuringMaintenance.php(103): Illuminate\\Pipeline\\Pipeline->Illuminate\\Pipeline\\{closure}()
#68 C:\\MAMP\\htdocs\\framework-server\\Retro-Monsters-2026\\vendor\\laravel\\framework\\src\\Illuminate\\Pipeline\\Pipeline.php(183): Illuminate\\Foundation\\Http\\Middleware\\PreventRequestsDuringMaintenance->handle()
#69 C:\\MAMP\\htdocs\\framework-server\\Retro-Monsters-2026\\vendor\\laravel\\framework\\src\\Illuminate\\Pipeline\\Pipeline.php(119): Illuminate\\Pipeline\\Pipeline->Illuminate\\Pipeline\\{closure}()
#70 C:\\MAMP\\htdocs\\framework-server\\Retro-Monsters-2026\\vendor\\laravel\\framework\\src\\Illuminate\\Foundation\\Http\\Kernel.php(175): Illuminate\\Pipeline\\Pipeline->then()
#71 C:\\MAMP\\htdocs\\framework-server\\Retro-Monsters-2026\\vendor\\laravel\\framework\\src\\Illuminate\\Foundation\\Http\\Kernel.php(144): Illuminate\\Foundation\\Http\\Kernel->sendRequestThroughRouter()
#72 C:\\MAMP\\htdocs\\framework-server\\Retro-Monsters-2026\\public\\index.php(54): Illuminate\\Foundation\\Http\\Kernel->handle()
#73 C:\\MAMP\\htdocs\\framework-server\\Retro-Monsters-2026\\server.php(21): require_once('...')
#74 {main}
"} 
